#
# There is insufficient memory for the Java Runtime Environment to continue.
# Native memory allocation (malloc) failed to allocate 1335296 bytes for Chunk::new
# Possible reasons:
#   The system is out of physical RAM or swap space
#   The process is running with CompressedOops enabled, and the Java Heap may be blocking the growth of the native heap
# Possible solutions:
#   Reduce memory load on the system
#   Increase physical memory or swap space
#   Check if swap backing store is full
#   Decrease Java heap size (-Xmx/-Xms)
#   Decrease number of Java threads
#   Decrease Java thread stack sizes (-Xss)
#   Set larger code cache with -XX:ReservedCodeCacheSize=
#   JVM is running with Unscaled Compressed Oops mode in which the Java heap is
#     placed in the first 4GB address space. The Java Heap base address is the
#     maximum limit for the native heap growth. Please use -XX:HeapBaseMinAddress
#     to set the Java Heap base and to place the Java Heap above 4GB virtual address.
# This output file may be truncated or incomplete.
#
#  Out of Memory Error (allocation.cpp:389), pid=7028, tid=0x0000000000004744
#
# JRE version: OpenJDK Runtime Environment (8.0_212-b04) (build 1.8.0_212-release-1586-b04)
# Java VM: OpenJDK 64-Bit Server VM (25.212-b04 mixed mode windows-amd64 compressed oops)
# Failed to write core dump. Minidumps are not enabled by default on client versions of Windows
#

---------------  T H R E A D  ---------------

Current thread (0x0000000015e47800):  JavaThread "C2 CompilerThread0" daemon [_thread_in_native, id=18244, stack(0x00000000174b0000,0x00000000175b0000)]

Stack: [0x00000000174b0000,0x00000000175b0000]
[error occurred during error reporting (printing stack bounds), id 0xc0000005]

Native frames: (J=compiled Java code, j=interpreted, Vv=VM code, C=native code)


Current CompileTask:
C2:   3763 1435       4       java.net.URLClassLoader$1::run (5 bytes)


---------------  P R O C E S S  ---------------

Java Threads: ( => current thread )
  0x0000000017882800 JavaThread "Cache worker for journal cache (C:\Users\Yury Nikolaev\.gradle\caches\journal-1)" [_thread_blocked, id=7240, stack(0x000000001b9e0000,0x000000001bae0000)]
  0x000000001787e000 JavaThread "File lock request listener" [_thread_in_native, id=11776, stack(0x000000001b8e0000,0x000000001b9e0000)]
  0x000000001787f000 JavaThread "Cache worker for file hash cache (C:\Users\Yury Nikolaev\.gradle\caches\5.6.4\fileHashes)" [_thread_blocked, id=5152, stack(0x000000001b7e0000,0x000000001b8e0000)]
  0x0000000017ae8800 JavaThread "Thread-9" [_thread_blocked, id=11632, stack(0x000000001b6e0000,0x000000001b7e0000)]
  0x0000000019a4a800 JavaThread "Stdin handler" [_thread_blocked, id=17932, stack(0x000000001b5e0000,0x000000001b6e0000)]
  0x000000001992b800 JavaThread "Asynchronous log dispatcher for DefaultDaemonConnection: socket connection from /127.0.0.1:61765 to /127.0.0.1:61766" [_thread_blocked, id=6700, stack(0x000000001b4e0000,0x000000001b5e0000)]
  0x000000001992a000 JavaThread "Daemon worker" [_thread_in_Java, id=4008, stack(0x000000001b3e0000,0x000000001b4e0000)]
  0x00000000194e2000 JavaThread "Cancel handler" [_thread_blocked, id=3360, stack(0x000000001b2e0000,0x000000001b3e0000)]
  0x0000000019472000 JavaThread "Handler for socket connection from /127.0.0.1:61765 to /127.0.0.1:61766" [_thread_in_native, id=15460, stack(0x000000001afe0000,0x000000001b0e0000)]
  0x0000000019471000 JavaThread "Daemon" [_thread_blocked, id=13572, stack(0x000000001aee0000,0x000000001afe0000)]
  0x0000000019675800 JavaThread "Daemon periodic checks" [_thread_blocked, id=18648, stack(0x000000001ade0000,0x000000001aee0000)]
  0x0000000019543800 JavaThread "Incoming local TCP Connector on port 61765" [_thread_in_native, id=4964, stack(0x000000001ab90000,0x000000001ac90000)]
  0x000000001961a800 JavaThread "Daemon health stats" [_thread_blocked, id=9620, stack(0x000000001a550000,0x000000001a650000)]
  0x00000000177d1800 JavaThread "Service Thread" daemon [_thread_blocked, id=7992, stack(0x0000000017bb0000,0x0000000017cb0000)]
  0x0000000015e56000 JavaThread "C1 CompilerThread2" daemon [_thread_in_native, id=7908, stack(0x00000000176b0000,0x00000000177b0000)]
  0x0000000015e4c000 JavaThread "C2 CompilerThread1" daemon [_thread_blocked, id=7352, stack(0x00000000175b0000,0x00000000176b0000)]
=>0x0000000015e47800 JavaThread "C2 CompilerThread0" daemon [_thread_in_native, id=18244, stack(0x00000000174b0000,0x00000000175b0000)]
  0x0000000015e46800 JavaThread "Attach Listener" daemon [_thread_blocked, id=6620, stack(0x00000000173b0000,0x00000000174b0000)]
  0x0000000015e45000 JavaThread "Signal Dispatcher" daemon [_thread_blocked, id=2944, stack(0x00000000172b0000,0x00000000173b0000)]
  0x000000000248b800 JavaThread "Finalizer" daemon [_thread_blocked, id=9232, stack(0x00000000170a0000,0x00000000171a0000)]
  0x0000000015e29000 JavaThread "Reference Handler" daemon [_thread_blocked, id=540, stack(0x0000000016fa0000,0x00000000170a0000)]
  0x0000000002392800 JavaThread "main" [_thread_blocked, id=13468, stack(0x0000000002250000,0x0000000002350000)]

Other Threads:
  0x0000000015e06800 VMThread [stack: 0x0000000016ea0000,0x0000000016fa0000] [id=13796]
  0x00000000177e4000 WatcherThread [stack: 0x0000000017cb0000,0x0000000017db0000] [id=3572]

VM state:not at safepoint (normal execution)

VM Mutex/Monitor currently owned by a thread: None

heap address: 0x00000000a0000000, size: 1536 MB, Compressed Oops mode: 32-bit
Narrow klass base: 0x0000000000000000, Narrow klass shift: 3
Compressed class space size: 1073741824 Address: 0x0000000100000000

Heap:
 PSYoungGen      total 56832K, used 50082K [0x00000000e0000000, 0x00000000e3f00000, 0x0000000100000000)
  eden space 49152K, 88% used [0x00000000e0000000,0x00000000e2a88220,0x00000000e3000000)
  from space 7680K, 85% used [0x00000000e3780000,0x00000000e3de0780,0x00000000e3f00000)
  to   space 7680K, 0% used [0x00000000e3000000,0x00000000e3000000,0x00000000e3780000)
 ParOldGen       total 130048K, used 16K [0x00000000a0000000, 0x00000000a7f00000, 0x00000000e0000000)
  object space 130048K, 0% used [0x00000000a0000000,0x00000000a0004000,0x00000000a7f00000)
 Metaspace       used 14841K, capacity 15254K, committed 15616K, reserved 1062912K
  class space    used 2093K, capacity 2219K, committed 2304K, reserved 1048576K

Card table byte_map: [0x0000000011890000,0x0000000011ba0000] byte_map_base: 0x0000000011390000

Marking Bits: (ParMarkBitMap*) 0x0000000066c99f30
 Begin Bits: [0x00000000121a0000, 0x00000000139a0000)
 End Bits:   [0x00000000139a0000, 0x00000000151a0000)

Polling page: 0x0000000000540000

CodeCache: size=245760Kb used=5314Kb max_used=5314Kb free=240445Kb
 bounds [0x00000000024d0000, 0x0000000002a10000, 0x00000000114d0000]
 total_blobs=1866 nmethods=1483 adapters=296
 compilation: enabled

Compilation events (10 events):
Event: 3.759 Thread 0x0000000015e56000 1479       3       org.gradle.internal.service.DefaultServiceRegistry$SingletonService::getService (18 bytes)
Event: 3.759 Thread 0x0000000015e56000 nmethod 1479 0x0000000002a01810 code [0x0000000002a019a0, 0x0000000002a01c18]
Event: 3.759 Thread 0x0000000015e56000 1480       3       org.gradle.internal.service.DefaultServiceRegistry::access$1200 (6 bytes)
Event: 3.759 Thread 0x0000000015e56000 nmethod 1480 0x0000000002a01d10 code [0x0000000002a01e80, 0x0000000002a01fe8]
Event: 3.761 Thread 0x0000000015e56000 1482       3       sun.reflect.MethodAccessorImpl::<init> (5 bytes)
Event: 3.761 Thread 0x0000000015e56000 nmethod 1482 0x0000000002a02090 code [0x0000000002a02200, 0x0000000002a02410]
Event: 3.761 Thread 0x0000000015e56000 1483       3       java.lang.reflect.Method::setMethodAccessor (21 bytes)
Event: 3.762 Thread 0x0000000015e56000 nmethod 1483 0x0000000002a024d0 code [0x0000000002a02640, 0x0000000002a029e8]
Event: 3.762 Thread 0x0000000015e56000 1481       1       java.lang.reflect.Method::getMethodAccessor (5 bytes)
Event: 3.762 Thread 0x0000000015e56000 nmethod 1481 0x0000000002a02b10 code [0x0000000002a02c60, 0x0000000002a02d70]

GC Heap History (4 events):
Event: 1.310 GC heap before
{Heap before GC invocations=1 (full 0):
 PSYoungGen      total 56832K, used 49152K [0x00000000e0000000, 0x00000000e3f00000, 0x0000000100000000)
  eden space 49152K, 100% used [0x00000000e0000000,0x00000000e3000000,0x00000000e3000000)
  from space 7680K, 0% used [0x00000000e3780000,0x00000000e3780000,0x00000000e3f00000)
  to   space 7680K, 0% used [0x00000000e3000000,0x00000000e3000000,0x00000000e3780000)
 ParOldGen       total 130048K, used 0K [0x00000000a0000000, 0x00000000a7f00000, 0x00000000e0000000)
  object space 130048K, 0% used [0x00000000a0000000,0x00000000a0000000,0x00000000a7f00000)
 Metaspace       used 7061K, capacity 7290K, committed 7424K, reserved 1056768K
  class space    used 859K, capacity 942K, committed 1024K, reserved 1048576K
Event: 1.315 GC heap after
Heap after GC invocations=1 (full 0):
 PSYoungGen      total 56832K, used 4526K [0x00000000e0000000, 0x00000000e3f00000, 0x0000000100000000)
  eden space 49152K, 0% used [0x00000000e0000000,0x00000000e0000000,0x00000000e3000000)
  from space 7680K, 58% used [0x00000000e3000000,0x00000000e346ba30,0x00000000e3780000)
  to   space 7680K, 0% used [0x00000000e3780000,0x00000000e3780000,0x00000000e3f00000)
 ParOldGen       total 130048K, used 8K [0x00000000a0000000, 0x00000000a7f00000, 0x00000000e0000000)
  object space 130048K, 0% used [0x00000000a0000000,0x00000000a0002000,0x00000000a7f00000)
 Metaspace       used 7061K, capacity 7290K, committed 7424K, reserved 1056768K
  class space    used 859K, capacity 942K, committed 1024K, reserved 1048576K
}
Event: 3.177 GC heap before
{Heap before GC invocations=2 (full 0):
 PSYoungGen      total 56832K, used 53678K [0x00000000e0000000, 0x00000000e3f00000, 0x0000000100000000)
  eden space 49152K, 100% used [0x00000000e0000000,0x00000000e3000000,0x00000000e3000000)
  from space 7680K, 58% used [0x00000000e3000000,0x00000000e346ba30,0x00000000e3780000)
  to   space 7680K, 0% used [0x00000000e3780000,0x00000000e3780000,0x00000000e3f00000)
 ParOldGen       total 130048K, used 8K [0x00000000a0000000, 0x00000000a7f00000, 0x00000000e0000000)
  object space 130048K, 0% used [0x00000000a0000000,0x00000000a0002000,0x00000000a7f00000)
 Metaspace       used 11967K, capacity 12306K, committed 12544K, reserved 1060864K
  class space    used 1586K, capacity 1681K, committed 1792K, reserved 1048576K
Event: 3.193 GC heap after
Heap after GC invocations=2 (full 0):
 PSYoungGen      total 56832K, used 6529K [0x00000000e0000000, 0x00000000e3f00000, 0x0000000100000000)
  eden space 49152K, 0% used [0x00000000e0000000,0x00000000e0000000,0x00000000e3000000)
  from space 7680K, 85% used [0x00000000e3780000,0x00000000e3de0780,0x00000000e3f00000)
  to   space 7680K, 0% used [0x00000000e3000000,0x00000000e3000000,0x00000000e3780000)
 ParOldGen       total 130048K, used 16K [0x00000000a0000000, 0x00000000a7f00000, 0x00000000e0000000)
  object space 130048K, 0% used [0x00000000a0000000,0x00000000a0004000,0x00000000a7f00000)
 Metaspace       used 11967K, capacity 12306K, committed 12544K, reserved 1060864K
  class space    used 1586K, capacity 1681K, committed 1792K, reserved 1048576K
}

Deoptimization events (10 events):
Event: 3.091 Thread 0x0000000019472000 Uncommon trap: reason=unstable_if action=reinterpret pc=0x00000000028e4930 method=java.util.concurrent.ConcurrentHashMap.putVal(Ljava/lang/Object;Ljava/lang/Object;Z)Ljava/lang/Object; @ 206
Event: 3.162 Thread 0x000000001992a000 Uncommon trap: reason=bimorphic action=maybe_recompile pc=0x0000000002737b10 method=java.util.HashMap.putVal(ILjava/lang/Object;Ljava/lang/Object;ZZ)Ljava/lang/Object; @ 253
Event: 3.162 Thread 0x000000001992a000 Uncommon trap: reason=bimorphic action=maybe_recompile pc=0x0000000002737b10 method=java.util.HashMap.putVal(ILjava/lang/Object;Ljava/lang/Object;ZZ)Ljava/lang/Object; @ 253
Event: 3.163 Thread 0x000000001992a000 Uncommon trap: reason=bimorphic action=maybe_recompile pc=0x0000000002737b10 method=java.util.HashMap.putVal(ILjava/lang/Object;Ljava/lang/Object;ZZ)Ljava/lang/Object; @ 253
Event: 3.163 Thread 0x000000001992a000 Uncommon trap: reason=bimorphic action=maybe_recompile pc=0x0000000002737b10 method=java.util.HashMap.putVal(ILjava/lang/Object;Ljava/lang/Object;ZZ)Ljava/lang/Object; @ 253
Event: 3.163 Thread 0x000000001992a000 Uncommon trap: reason=bimorphic action=maybe_recompile pc=0x0000000002728e4c method=java.util.HashMap.putVal(ILjava/lang/Object;Ljava/lang/Object;ZZ)Ljava/lang/Object; @ 253
Event: 3.506 Thread 0x000000001992a000 Uncommon trap: reason=class_check action=maybe_recompile pc=0x00000000027ce8d8 method=java.util.regex.Matcher.match(II)Z @ 86
Event: 3.521 Thread 0x000000001992a000 Uncommon trap: reason=class_check action=maybe_recompile pc=0x00000000027ce8d8 method=java.util.regex.Matcher.match(II)Z @ 86
Event: 3.522 Thread 0x000000001992a000 Uncommon trap: reason=class_check action=maybe_recompile pc=0x00000000027ce8d8 method=java.util.regex.Matcher.match(II)Z @ 86
Event: 3.522 Thread 0x000000001992a000 Uncommon trap: reason=class_check action=maybe_recompile pc=0x000000000278009c method=java.util.regex.Matcher.match(II)Z @ 86

Classes redefined (0 events):
No events

Internal exceptions (10 events):
Event: 1.739 Thread 0x0000000002392800 Exception <a 'java/lang/NoSuchFieldError': method resolution failed> (0x00000000e22e8a80) thrown at [D:\src\AOSP-openjdk-cygwin\jdk8u\hotspot\src\share\vm\prims\methodHandles.cpp, line 1167]
Event: 1.740 Thread 0x0000000002392800 Exception <a 'java/lang/NoSuchFieldError': method resolution failed> (0x00000000e22f6780) thrown at [D:\src\AOSP-openjdk-cygwin\jdk8u\hotspot\src\share\vm\prims\methodHandles.cpp, line 1167]
Event: 2.976 Thread 0x0000000002392800 Exception <a 'java/io/IOException'> (0x00000000e2acaeb0) thrown at [D:\src\AOSP-openjdk-cygwin\jdk8u\hotspot\src\share\vm\prims\jni.cpp, line 710]
Event: 3.093 Thread 0x0000000019472000 Exception <a 'java/lang/NoSuchMethodError': <clinit>> (0x00000000e2d6adc8) thrown at [D:\src\AOSP-openjdk-cygwin\jdk8u\hotspot\src\share\vm\prims\jni.cpp, line 1614]
Event: 3.095 Thread 0x0000000019472000 Exception <a 'java/lang/NoSuchMethodError': <clinit>> (0x00000000e2d74b78) thrown at [D:\src\AOSP-openjdk-cygwin\jdk8u\hotspot\src\share\vm\prims\jni.cpp, line 1614]
Event: 3.097 Thread 0x0000000019472000 Exception <a 'java/lang/NoSuchMethodError': <clinit>> (0x00000000e2d89660) thrown at [D:\src\AOSP-openjdk-cygwin\jdk8u\hotspot\src\share\vm\prims\jni.cpp, line 1614]
Event: 3.114 Thread 0x0000000019472000 Exception <a 'java/lang/NoSuchMethodError': <clinit>> (0x00000000e2de5258) thrown at [D:\src\AOSP-openjdk-cygwin\jdk8u\hotspot\src\share\vm\prims\jni.cpp, line 1614]
Event: 3.125 Thread 0x0000000019472000 Exception <a 'java/lang/NoSuchMethodError': <clinit>> (0x00000000e2e1cd60) thrown at [D:\src\AOSP-openjdk-cygwin\jdk8u\hotspot\src\share\vm\prims\jni.cpp, line 1614]
Event: 3.131 Thread 0x0000000019472000 Exception <a 'java/lang/NoSuchMethodError': <clinit>> (0x00000000e2e53260) thrown at [D:\src\AOSP-openjdk-cygwin\jdk8u\hotspot\src\share\vm\prims\jni.cpp, line 1614]
Event: 3.132 Thread 0x0000000019472000 Exception <a 'java/lang/NoSuchMethodError': <clinit>> (0x00000000e2e5e6e8) thrown at [D:\src\AOSP-openjdk-cygwin\jdk8u\hotspot\src\share\vm\prims\jni.cpp, line 1614]

Events (10 events):
Event: 3.761 loading class org/gradle/api/internal/changedetection/state/RegularFileHasher
Event: 3.761 loading class org/gradle/api/internal/changedetection/state/RegularFileHasher done
Event: 3.761 loading class org/gradle/api/internal/changedetection/state/DefaultWellKnownFileLocations
Event: 3.761 loading class org/gradle/api/internal/changedetection/state/DefaultWellKnownFileLocations done
Event: 3.762 loading class org/gradle/internal/file/DefaultFileHierarchySet
Event: 3.762 loading class org/gradle/internal/file/DefaultFileHierarchySet done
Event: 3.762 loading class org/gradle/internal/file/FileHierarchySet
Event: 3.762 loading class org/gradle/internal/file/FileHierarchySet done
Event: 3.762 loading class org/gradle/internal/file/DefaultFileHierarchySet$EmptyFileHierarchySet
Event: 3.762 loading class org/gradle/internal/file/DefaultFileHierarchySet$EmptyFileHierarchySet done


Dynamic libraries:
0x00007ff6080d0000 - 0x00007ff608101000 	C:\Program Files\Android\Android Studio\jre\bin\java.exe
0x00007ff9e48e0000 - 0x00007ff9e4ad0000 	C:\WINDOWS\SYSTEM32\ntdll.dll
0x00007ff9e35c0000 - 0x00007ff9e3672000 	C:\WINDOWS\System32\KERNEL32.DLL
0x00007ff9e1870000 - 0x00007ff9e1b13000 	C:\WINDOWS\System32\KERNELBASE.dll
0x00007ff9e3b30000 - 0x00007ff9e3bd3000 	C:\WINDOWS\System32\ADVAPI32.dll
0x00007ff9e37b0000 - 0x00007ff9e384e000 	C:\WINDOWS\System32\msvcrt.dll
0x00007ff9e3a90000 - 0x00007ff9e3b27000 	C:\WINDOWS\System32\sechost.dll
0x00007ff9e3680000 - 0x00007ff9e37a0000 	C:\WINDOWS\System32\RPCRT4.dll
0x00007ff9e3c10000 - 0x00007ff9e3da4000 	C:\WINDOWS\System32\USER32.dll
0x00007ff9e1e40000 - 0x00007ff9e1e61000 	C:\WINDOWS\System32\win32u.dll
0x00007ff9e3be0000 - 0x00007ff9e3c06000 	C:\WINDOWS\System32\GDI32.dll
0x00007ff9e1b20000 - 0x00007ff9e1cb4000 	C:\WINDOWS\System32\gdi32full.dll
0x00007ff9e28f0000 - 0x00007ff9e298e000 	C:\WINDOWS\System32\msvcp_win.dll
0x00007ff9e27f0000 - 0x00007ff9e28ea000 	C:\WINDOWS\System32\ucrtbase.dll
0x00007ff9d79a0000 - 0x00007ff9d7c25000 	C:\WINDOWS\WinSxS\amd64_microsoft.windows.common-controls_6595b64144ccf1df_6.0.18362.720_none_e6beb5c51314836b\COMCTL32.dll
0x00007ff9e4360000 - 0x00007ff9e4696000 	C:\WINDOWS\System32\combase.dll
0x00007ff9e1ea0000 - 0x00007ff9e1f20000 	C:\WINDOWS\System32\bcryptPrimitives.dll
0x00007ff9e2990000 - 0x00007ff9e29be000 	C:\WINDOWS\System32\IMM32.DLL
0x0000000067470000 - 0x0000000067542000 	C:\Program Files\Android\Android Studio\jre\jre\bin\msvcr100.dll
0x00000000664d0000 - 0x0000000066d16000 	C:\Program Files\Android\Android Studio\jre\jre\bin\server\jvm.dll
0x00007ff9e37a0000 - 0x00007ff9e37a8000 	C:\WINDOWS\System32\PSAPI.DLL
0x00007ff9e02b0000 - 0x00007ff9e02b9000 	C:\WINDOWS\SYSTEM32\WSOCK32.dll
0x00007ff9d3840000 - 0x00007ff9d3864000 	C:\WINDOWS\SYSTEM32\WINMM.dll
0x00007ff9da570000 - 0x00007ff9da57a000 	C:\WINDOWS\SYSTEM32\VERSION.dll
0x00007ff9e3a20000 - 0x00007ff9e3a8f000 	C:\WINDOWS\System32\WS2_32.dll
0x00007ff9d3810000 - 0x00007ff9d383d000 	C:\WINDOWS\SYSTEM32\WINMMBASE.dll
0x00007ff9e1dd0000 - 0x00007ff9e1e1a000 	C:\WINDOWS\System32\cfgmgr32.dll
0x00007ff9be4d0000 - 0x00007ff9be4df000 	C:\Program Files\Android\Android Studio\jre\jre\bin\verify.dll
0x00007ff9bc990000 - 0x00007ff9bc9b9000 	C:\Program Files\Android\Android Studio\jre\jre\bin\java.dll
0x00007ff9bd990000 - 0x00007ff9bd9a6000 	C:\Program Files\Android\Android Studio\jre\jre\bin\zip.dll
0x00007ff9e29c0000 - 0x00007ff9e30a5000 	C:\WINDOWS\System32\SHELL32.dll
0x00007ff9e3210000 - 0x00007ff9e32b9000 	C:\WINDOWS\System32\shcore.dll
0x00007ff9e1f20000 - 0x00007ff9e26a0000 	C:\WINDOWS\System32\windows.storage.dll
0x00007ff9e1840000 - 0x00007ff9e1863000 	C:\WINDOWS\System32\profapi.dll
0x00007ff9e17d0000 - 0x00007ff9e181a000 	C:\WINDOWS\System32\powrprof.dll
0x00007ff9e17a0000 - 0x00007ff9e17b0000 	C:\WINDOWS\System32\UMPDC.dll
0x00007ff9e33b0000 - 0x00007ff9e3402000 	C:\WINDOWS\System32\shlwapi.dll
0x00007ff9e17b0000 - 0x00007ff9e17c1000 	C:\WINDOWS\System32\kernel.appcore.dll
0x00007ff9e1e20000 - 0x00007ff9e1e37000 	C:\WINDOWS\System32\cryptsp.dll
0x00007ff9bd850000 - 0x00007ff9bd86a000 	C:\Program Files\Android\Android Studio\jre\jre\bin\net.dll
0x00007ff9d3270000 - 0x00007ff9d3445000 	C:\WINDOWS\SYSTEM32\urlmon.dll
0x00007ff9d7fb0000 - 0x00007ff9d8256000 	C:\WINDOWS\SYSTEM32\iertutil.dll
0x00007ff9e1180000 - 0x00007ff9e118c000 	C:\WINDOWS\SYSTEM32\CRYPTBASE.DLL
0x00007ff9e0fb0000 - 0x00007ff9e1017000 	C:\WINDOWS\system32\mswsock.dll
0x00007ff9bc940000 - 0x00007ff9bc953000 	C:\Program Files\Android\Android Studio\jre\jre\bin\nio.dll
0x00007ff9d6d50000 - 0x00007ff9d6d76000 	C:\Users\Yury Nikolaev\.gradle\native\30\windows-amd64\native-platform.dll
0x00007ff9bdb40000 - 0x00007ff9bdb4d000 	C:\Program Files\Android\Android Studio\jre\jre\bin\management.dll
0x00007ff9e0b20000 - 0x00007ff9e0b53000 	C:\WINDOWS\system32\rsaenh.dll
0x00007ff9e1e70000 - 0x00007ff9e1e96000 	C:\WINDOWS\System32\bcrypt.dll
0x00007ff9e16c0000 - 0x00007ff9e16e5000 	C:\WINDOWS\SYSTEM32\USERENV.dll
0x00007ff9e0cc0000 - 0x00007ff9e0cfa000 	C:\WINDOWS\SYSTEM32\IPHLPAPI.DLL
0x00007ff9e32d0000 - 0x00007ff9e32d8000 	C:\WINDOWS\System32\NSI.dll
0x00007ff9d9dc0000 - 0x00007ff9d9dd6000 	C:\WINDOWS\SYSTEM32\dhcpcsvc6.DLL
0x00007ff9daa40000 - 0x00007ff9daa5c000 	C:\WINDOWS\SYSTEM32\dhcpcsvc.DLL
0x00007ff9e0d00000 - 0x00007ff9e0dca000 	C:\WINDOWS\SYSTEM32\DNSAPI.dll

VM Arguments:
jvm_args: -Xmx1536m -Dfile.encoding=windows-1251 -Duser.country=RU -Duser.language=ru -Duser.variant 
java_command: org.gradle.launcher.daemon.bootstrap.GradleDaemon 5.6.4
java_class_path (initial): C:\Users\Yury Nikolaev\.gradle\wrapper\dists\gradle-5.6.4-all\ankdp27end7byghfw1q2sw75f\gradle-5.6.4\lib\gradle-launcher-5.6.4.jar
Launcher Type: SUN_STANDARD

Environment Variables:
PATH=;C:\Python27\;C:\Python27\Scripts;C:\ProgramData\Oracle\Java\javapath;C:\Program Files (x86)\Embarcadero\Studio\18.0\bin;C:\Users\Public\Documents\Embarcadero\Studio\18.0\Bpl;C:\Program Files (x86)\Embarcadero\Studio\18.0\bin64;C:\Users\Public\Documents\Embarcadero\Studio\18.0\Bpl\Win64;C:\Program Files (x86)\Intel\iCLS Client\;C:\Program Files\Intel\iCLS Client\;C:\Windows\system32;C:\Windows;C:\Windows\System32\Wbem;C:\Windows\System32\WindowsPowerShell\v1.0\;C:\Program Files (x86)\NVIDIA Corporation\PhysX\Common;C:\Program Files (x86)\Intel\Intel(R) Management Engine Components\DAL;C:\Program Files\Intel\Intel(R) Management Engine Components\DAL;C:\Program Files (x86)\Intel\Intel(R) Management Engine Components\IPT;C:\Program Files\Intel\Intel(R) Management Engine Components\IPT;C:\Program Files (x86)\Microchip\MPLAB C32 Suite\bin;C:\PROGRA~1\CONDUS~1\DISKEE~1\;C:\Windows\System32\OpenSSH\;C:\Program Files\NVIDIA Corporation\NVIDIA NvDLISR;C:\Program Files (x86)\NoteBook FanControl\;C:\Program Files (x86)\Universal Extractor;C:\Program Files (x86)\Universal Extractor\bin;C:\MinGW\bin;C:\msys\1.0\bin;C:\WINDOWS\system32;C:\WINDOWS;C:\WINDOWS\System32\Wbem;C:\WINDOWS\System32\WindowsPowerShell\v1.0\;C:\WINDOWS\System32\OpenSSH\;C:\Users\Yury Nikolaev\AppData\Local\Microsoft\WindowsApps;C:\Users\Yury Nikolaev\go\bin
USERNAME=Yury Nikolaev
OS=Windows_NT
PROCESSOR_IDENTIFIER=Intel64 Family 6 Model 78 Stepping 3, GenuineIntel



---------------  S Y S T E M  ---------------

OS: Windows 10.0 , 64 bit Build 18362 (10.0.18362.329)

CPU:total 4 (initial active 4) (2 cores per cpu, 2 threads per core) family 6 model 78 stepping 3, cmov, cx8, fxsr, mmx, sse, sse2, sse3, ssse3, sse4.1, sse4.2, popcnt, avx, avx2, aes, clmul, erms, 3dnowpref, lzcnt, ht, tsc, tscinvbit, bmi1, bmi2, adx

Memory: 4k page, physical 12443720k(2457892k free), swap 13262920k(5872k free)

vm_info: OpenJDK 64-Bit Server VM (25.212-b04) for windows-amd64 JRE (1.8.0_212-release-1586-b04), built by "builder" with MS VC++ 10.0 (VS2010)

time: Tue Mar 24 17:42:45 2020
timezone: RTZ 8 (зима)
elapsed time: 3 seconds (0d 0h 0m 3s)

